[24-Feb-2025 14:28:15 UTC] Testing errors!
[24-Feb-2025 14:28:16 UTC] Testing errors!
[24-Feb-2025 14:30:00 UTC] Testing errors!
[24-Feb-2025 14:30:01 UTC] Testing errors!
[24-Feb-2025 14:33:09 UTC] Testing errors!
[24-Feb-2025 14:33:09 UTC] ChatbotController::chatbot() 
[24-Feb-2025 14:33:09 UTC] Testing errors!
[24-Feb-2025 14:40:13 UTC] ChatbotController::chatbot() 
[24-Feb-2025 14:42:05 UTC] ChatbotController::chatbot() 
[24-Feb-2025 14:42:50 UTC] ChatbotController::chatbot() 
[24-Feb-2025 14:43:37 UTC] ChatbotController::chatbot() 
[24-Feb-2025 14:44:01 UTC] ChatbotController::chatbot() 
[24-Feb-2025 14:46:54 UTC] ChatbotController::chatbot() 
[24-Feb-2025 14:47:38 UTC] ChatbotController::chatbot() 
[24-Feb-2025 14:48:54 UTC] ChatbotController::chatbot() 
[24-Feb-2025 14:52:20 UTC] ChatbotController::chatbot() 
[24-Feb-2025 14:55:01 UTC] ChatbotController::chatbot() 
[24-Feb-2025 14:57:28 UTC] ChatbotController::chatbot() 
[24-Feb-2025 15:02:26 UTC] ChatbotController::chatbot() 
[24-Feb-2025 15:03:07 UTC] ChatbotController::chatbot() 
[24-Feb-2025 15:03:49 UTC] ChatbotController::chatbot() 
[24-Feb-2025 15:04:41 UTC] ChatbotController::chatbot() 
[24-Feb-2025 15:05:24 UTC] ChatbotController::chatbot() 
[24-Feb-2025 15:06:47 UTC] ChatbotController::chatbot() 
[24-Feb-2025 15:07:59 UTC] ChatbotController::chatbot() 
[24-Feb-2025 15:13:58 UTC] ChatbotController::chatbot() 
[24-Feb-2025 15:15:27 UTC] ChatbotController::chatbot() 
[24-Feb-2025 15:15:58 UTC] ChatbotController::chatbot() 
[24-Feb-2025 15:18:36 UTC] ChatbotController::chatbot() 
[24-Feb-2025 15:20:06 UTC] ChatbotController::chatbot() 
[24-Feb-2025 15:21:20 UTC] ChatbotController::chatbot() 
[24-Feb-2025 15:26:39 UTC] ChatbotController::chatbot() 
[24-Feb-2025 15:28:26 UTC] ChatbotController::chatbot() 
[24-Feb-2025 15:29:27 UTC] ChatbotController::chatbot() 
[24-Feb-2025 15:31:07 UTC] PHP Warning:  Undefined variable $data in /home/user/chatbot-project/views/auth/login.php on line 9
[24-Feb-2025 15:31:07 UTC] PHP Warning:  Trying to access array offset on value of type null in /home/user/chatbot-project/views/auth/login.php on line 9
[24-Feb-2025 15:31:07 UTC] PHP Warning:  Undefined variable $data in /home/user/chatbot-project/views/auth/login.php on line 16
[24-Feb-2025 15:31:07 UTC] PHP Warning:  Trying to access array offset on value of type null in /home/user/chatbot-project/views/auth/login.php on line 16
[24-Feb-2025 15:33:04 UTC] ChatbotController::chatbot() 
[24-Feb-2025 15:34:03 UTC] ChatbotController::chatbot() 
[24-Feb-2025 15:35:07 UTC] ChatbotController::chatbot() 
[24-Feb-2025 15:36:32 UTC] ChatbotController::chatbot() 
[24-Feb-2025 15:37:26 UTC] ChatbotController::chatbot() 
[24-Feb-2025 15:38:16 UTC] ChatbotController::chatbot() 
[24-Feb-2025 15:40:37 UTC] ChatbotController::chatbot() 
[24-Feb-2025 15:41:40 UTC] ChatbotController::chatbot() 
[24-Feb-2025 15:48:16 UTC] ChatbotController::chatbot() 
[24-Feb-2025 15:48:52 UTC] ChatbotController::chatbot() 
[24-Feb-2025 15:49:36 UTC] ChatbotController::chatbot() 
[24-Feb-2025 15:53:32 UTC] ChatbotController::chatbot() 
[24-Feb-2025 15:55:51 UTC] ChatbotController::chatbot() 
[24-Feb-2025 15:56:29 UTC] ChatbotController::chatbot() 
[24-Feb-2025 15:57:21 UTC] ChatbotController::chatbot() 
[24-Feb-2025 15:58:05 UTC] ChatbotController::chatbot() 
[24-Feb-2025 15:59:32 UTC] ChatbotController::chatbot() 
[24-Feb-2025 15:59:52 UTC] ChatbotController::chatbot() 
[24-Feb-2025 16:00:11 UTC] ChatbotController::chatbot() 
[24-Feb-2025 16:00:29 UTC] ChatbotController::chatbot() 
[24-Feb-2025 16:01:20 UTC] ChatbotController::chatbot() 
[24-Feb-2025 16:01:50 UTC] ChatbotController::chatbot() 
[24-Feb-2025 16:05:09 UTC] ChatbotController::chatbot() 
[24-Feb-2025 16:06:49 UTC] ChatbotController::chatbot() 
[24-Feb-2025 16:06:57 UTC] ChatbotController::chatbot() 
[24-Feb-2025 16:07:25 UTC] ChatbotController::chatbot() 
[24-Feb-2025 16:09:37 UTC] ChatbotController::chatbot() 
[24-Feb-2025 16:10:51 UTC] ChatbotController::chatbot() 
[24-Feb-2025 16:12:26 UTC] ChatbotController::chatbot() 
[24-Feb-2025 16:13:30 UTC] ChatbotController::chatbot() 
[24-Feb-2025 16:14:36 UTC] ChatbotController::chatbot() 
[24-Feb-2025 16:45:35 UTC] ChatbotController::chatbot() 
[24-Feb-2025 16:47:03 UTC] ChatbotController::chatbot() 
[24-Feb-2025 16:59:10 UTC] ChatbotController::chatbot() 
[24-Feb-2025 16:59:59 UTC] ChatbotController::chatbot() 
[24-Feb-2025 17:04:07 UTC] ChatbotController::chatbot() 
[24-Feb-2025 17:05:04 UTC] ChatbotController::chatbot() 
[24-Feb-2025 17:06:20 UTC] ChatbotController::chatbot() 
[24-Feb-2025 17:07:43 UTC] ChatbotController::chatbot() 
[24-Feb-2025 17:07:52 UTC] ChatbotController::chatbot() 
[24-Feb-2025 17:08:27 UTC] ChatbotController::chatbot() 
[24-Feb-2025 17:09:50 UTC] ChatbotController::chatbot() 
[24-Feb-2025 17:43:41 UTC] ChatbotController::chatbot() 
[24-Feb-2025 17:44:13 UTC] ChatbotController::chatbot() 
[24-Feb-2025 17:44:55 UTC] ChatbotController::chatbot() 
[24-Feb-2025 17:46:28 UTC] ChatbotController::chatbot() 
[24-Feb-2025 17:46:44 UTC] ChatbotController::chatbot() 
[24-Feb-2025 17:47:15 UTC] ChatbotController::chatbot() 
[24-Feb-2025 17:47:55 UTC] ChatbotController::chatbot() 
[24-Feb-2025 17:48:27 UTC] ChatbotController::chatbot() 
[24-Feb-2025 17:50:04 UTC] ChatbotController::chatbot() 
[24-Feb-2025 19:03:06 UTC] ChatbotController::chatbot() 
[24-Feb-2025 19:03:29 UTC] ChatbotController::chatbot() 
[24-Feb-2025 19:04:57 UTC] ChatbotController::chatbot() 
[24-Feb-2025 19:06:10 UTC] ChatbotController::chatbot() 
[24-Feb-2025 19:07:16 UTC] ChatbotController::chatbot() 
[24-Feb-2025 19:07:49 UTC] ChatbotController::chatbot() 
[24-Feb-2025 19:10:04 UTC] PHP Warning:  Undefined variable $data in /home/user/chatbot-project/views/auth/login.php on line 9
[24-Feb-2025 19:10:04 UTC] PHP Warning:  Trying to access array offset on value of type null in /home/user/chatbot-project/views/auth/login.php on line 9
[24-Feb-2025 19:10:04 UTC] PHP Warning:  Undefined variable $data in /home/user/chatbot-project/views/auth/login.php on line 16
[24-Feb-2025 19:10:04 UTC] PHP Warning:  Trying to access array offset on value of type null in /home/user/chatbot-project/views/auth/login.php on line 16
[24-Feb-2025 19:13:50 UTC] ChatbotController::chatbot() 
[24-Feb-2025 19:25:48 UTC] ChatbotController::chatbot() 
[24-Feb-2025 19:26:11 UTC] ChatbotController::chatbot() 
[24-Feb-2025 19:27:37 UTC] ChatbotController::chatbot() 
[24-Feb-2025 19:27:58 UTC] ChatbotController::chatbot() 
[24-Feb-2025 19:28:20 UTC] ChatbotController::chatbot() 
[24-Feb-2025 19:30:50 UTC] ChatbotController::chatbot() 
[24-Feb-2025 19:31:24 UTC] ChatbotController::chatbot() 
[24-Feb-2025 19:32:07 UTC] ChatbotController::chatbot() 
[24-Feb-2025 19:32:30 UTC] ChatbotController::chatbot() 
[24-Feb-2025 19:32:58 UTC] ChatbotController::chatbot() 
[24-Feb-2025 19:34:45 UTC] ChatbotController::chatbot() 
[24-Feb-2025 19:35:56 UTC] ChatbotController::chatbot() 
[24-Feb-2025 20:49:08 UTC] PHP Warning:  Undefined variable $data in /home/user/chatbot-project/views/auth/login.php on line 9
[24-Feb-2025 20:49:08 UTC] PHP Warning:  Trying to access array offset on value of type null in /home/user/chatbot-project/views/auth/login.php on line 9
[24-Feb-2025 20:49:08 UTC] PHP Warning:  Undefined variable $data in /home/user/chatbot-project/views/auth/login.php on line 16
[24-Feb-2025 20:49:08 UTC] PHP Warning:  Trying to access array offset on value of type null in /home/user/chatbot-project/views/auth/login.php on line 16
[24-Feb-2025 20:49:59 UTC] ChatbotController::chatbot() 
[24-Feb-2025 20:49:59 UTC] PHP Warning:  Undefined variable $data in /home/user/chatbot-project/views/auth/login.php on line 9
[24-Feb-2025 20:49:59 UTC] PHP Warning:  Trying to access array offset on value of type null in /home/user/chatbot-project/views/auth/login.php on line 9
[24-Feb-2025 20:49:59 UTC] PHP Warning:  Undefined variable $data in /home/user/chatbot-project/views/auth/login.php on line 16
[24-Feb-2025 20:49:59 UTC] PHP Warning:  Trying to access array offset on value of type null in /home/user/chatbot-project/views/auth/login.php on line 16
[24-Feb-2025 20:50:08 UTC] PHP Warning:  Undefined variable $data in /home/user/chatbot-project/views/auth/login.php on line 9
[24-Feb-2025 20:50:08 UTC] PHP Warning:  Trying to access array offset on value of type null in /home/user/chatbot-project/views/auth/login.php on line 9
[24-Feb-2025 20:50:08 UTC] PHP Warning:  Undefined variable $data in /home/user/chatbot-project/views/auth/login.php on line 16
[24-Feb-2025 20:50:08 UTC] PHP Warning:  Trying to access array offset on value of type null in /home/user/chatbot-project/views/auth/login.php on line 16
[24-Feb-2025 20:50:08 UTC] ChatbotController::chatbot() 
[24-Feb-2025 20:50:16 UTC] ChatbotController::chatbot() 
[24-Feb-2025 20:51:23 UTC] PHP Warning:  Undefined variable $data in /home/user/chatbot-project/views/auth/login.php on line 9
[24-Feb-2025 20:51:23 UTC] PHP Warning:  Trying to access array offset on value of type null in /home/user/chatbot-project/views/auth/login.php on line 9
[24-Feb-2025 20:51:23 UTC] PHP Warning:  Undefined variable $data in /home/user/chatbot-project/views/auth/login.php on line 16
[24-Feb-2025 20:51:23 UTC] PHP Warning:  Trying to access array offset on value of type null in /home/user/chatbot-project/views/auth/login.php on line 16
[24-Feb-2025 20:51:37 UTC] PHP Warning:  Undefined variable $data in /home/user/chatbot-project/views/auth/login.php on line 9
[24-Feb-2025 20:51:37 UTC] PHP Warning:  Trying to access array offset on value of type null in /home/user/chatbot-project/views/auth/login.php on line 9
[24-Feb-2025 20:51:37 UTC] PHP Warning:  Undefined variable $data in /home/user/chatbot-project/views/auth/login.php on line 16
[24-Feb-2025 20:51:37 UTC] PHP Warning:  Trying to access array offset on value of type null in /home/user/chatbot-project/views/auth/login.php on line 16
[24-Feb-2025 20:51:46 UTC] PHP Warning:  Undefined variable $data in /home/user/chatbot-project/views/auth/login.php on line 9
[24-Feb-2025 20:51:46 UTC] PHP Warning:  Trying to access array offset on value of type null in /home/user/chatbot-project/views/auth/login.php on line 9
[24-Feb-2025 20:51:46 UTC] PHP Warning:  Undefined variable $data in /home/user/chatbot-project/views/auth/login.php on line 16
[24-Feb-2025 20:51:46 UTC] PHP Warning:  Trying to access array offset on value of type null in /home/user/chatbot-project/views/auth/login.php on line 16
[24-Feb-2025 20:51:46 UTC] ChatbotController::chatbot() 
[24-Feb-2025 20:54:01 UTC] ChatbotController::chatbot() 
[24-Feb-2025 20:55:29 UTC] ChatbotController::chatbot() 
[24-Feb-2025 20:57:24 UTC] ChatbotController::chatbot() 
[24-Feb-2025 20:58:21 UTC] ChatbotController::chatbot() 
[24-Feb-2025 20:58:43 UTC] ChatbotController::chatbot() 
[24-Feb-2025 21:03:01 UTC] ChatbotController::chatbot() 
[24-Feb-2025 21:09:52 UTC] ChatbotController::chatbot() 
[24-Feb-2025 21:11:11 UTC] ChatbotController::chatbot() 
[24-Feb-2025 21:11:20 UTC] PHP Warning:  Undefined array key "fullname" in /home/user/chatbot-project/controllers/DocumentController.php on line 83
[24-Feb-2025 21:11:20 UTC] PHP Warning:  Undefined property: Model\Document::$PDOException: SQLSTATE[42S22]: Column not found: 1054 Unknown column 'document_name' in 'field list' in /home/user/chatbot-project/core/Model.php:47
Stack trace:
#0 /home/user/chatbot-project/core/Model.php(47): PDOStatement->execute()
#1 /home/user/chatbot-project/models/Document.php(36): Core\Model->execute()
#2 /home/user/chatbot-project/controllers/DocumentController.php(110): Model\Document->save()
#3 [internal function]: Controllers\DocumentController::create(Object(App\Router))
#4 /home/user/chatbot-project/Router.php(39): call_user_func(Array, Object(App\Router))
#5 /home/user/chatbot-project/public/index.php(51): App\Router->checkRoutes()
#6 {main} in /home/user/chatbot-project/models/Document.php on line 39
[24-Feb-2025 21:38:20 UTC] PHP Warning:  Undefined variable $data in /home/user/chatbot-project/views/auth/login.php on line 9
[24-Feb-2025 21:38:20 UTC] PHP Warning:  Trying to access array offset on value of type null in /home/user/chatbot-project/views/auth/login.php on line 9
[24-Feb-2025 21:38:20 UTC] PHP Warning:  Undefined variable $data in /home/user/chatbot-project/views/auth/login.php on line 16
[24-Feb-2025 21:38:20 UTC] PHP Warning:  Trying to access array offset on value of type null in /home/user/chatbot-project/views/auth/login.php on line 16
[24-Feb-2025 21:38:31 UTC] PHP Warning:  Undefined variable $data in /home/user/chatbot-project/views/auth/login.php on line 9
[24-Feb-2025 21:38:31 UTC] PHP Warning:  Trying to access array offset on value of type null in /home/user/chatbot-project/views/auth/login.php on line 9
[24-Feb-2025 21:38:31 UTC] PHP Warning:  Undefined variable $data in /home/user/chatbot-project/views/auth/login.php on line 16
[24-Feb-2025 21:38:31 UTC] PHP Warning:  Trying to access array offset on value of type null in /home/user/chatbot-project/views/auth/login.php on line 16
[24-Feb-2025 21:38:31 UTC] ChatbotController::chatbot() 
[24-Feb-2025 21:38:53 UTC] PHP Warning:  Undefined array key "fullname" in /home/user/chatbot-project/controllers/DocumentController.php on line 83
[24-Feb-2025 21:38:53 UTC] PHP Fatal error:  Uncaught Error: Call to undefined method Model\Document::setDocumentName() in /home/user/chatbot-project/controllers/DocumentController.php:106
Stack trace:
#0 [internal function]: Controllers\DocumentController::create(Object(App\Router))
#1 /home/user/chatbot-project/Router.php(39): call_user_func(Array, Object(App\Router))
#2 /home/user/chatbot-project/public/index.php(51): App\Router->checkRoutes()
#3 {main}
  thrown in /home/user/chatbot-project/controllers/DocumentController.php on line 106
[24-Feb-2025 21:40:43 UTC] PHP Warning:  Undefined variable $data in /home/user/chatbot-project/views/auth/login.php on line 9
[24-Feb-2025 21:40:43 UTC] PHP Warning:  Trying to access array offset on value of type null in /home/user/chatbot-project/views/auth/login.php on line 9
[24-Feb-2025 21:40:43 UTC] PHP Warning:  Undefined variable $data in /home/user/chatbot-project/views/auth/login.php on line 16
[24-Feb-2025 21:40:43 UTC] PHP Warning:  Trying to access array offset on value of type null in /home/user/chatbot-project/views/auth/login.php on line 16
[24-Feb-2025 21:40:52 UTC] PHP Warning:  Undefined variable $data in /home/user/chatbot-project/views/auth/login.php on line 9
[24-Feb-2025 21:40:52 UTC] PHP Warning:  Trying to access array offset on value of type null in /home/user/chatbot-project/views/auth/login.php on line 9
[24-Feb-2025 21:40:52 UTC] PHP Warning:  Undefined variable $data in /home/user/chatbot-project/views/auth/login.php on line 16
[24-Feb-2025 21:40:52 UTC] PHP Warning:  Trying to access array offset on value of type null in /home/user/chatbot-project/views/auth/login.php on line 16
[24-Feb-2025 21:40:52 UTC] ChatbotController::chatbot() 
[24-Feb-2025 21:41:03 UTC] PHP Fatal error:  Uncaught Error: Call to undefined method Model\Document::setDocumentName() in /home/user/chatbot-project/controllers/DocumentController.php:106
Stack trace:
#0 [internal function]: Controllers\DocumentController::create(Object(App\Router))
#1 /home/user/chatbot-project/Router.php(39): call_user_func(Array, Object(App\Router))
#2 /home/user/chatbot-project/public/index.php(51): App\Router->checkRoutes()
#3 {main}
  thrown in /home/user/chatbot-project/controllers/DocumentController.php on line 106
[24-Feb-2025 21:45:36 UTC] ChatbotController::chatbot() 
[24-Feb-2025 22:40:09 UTC] PHP Warning:  Undefined variable $data in /home/user/chatbot-project/views/auth/login.php on line 9
[24-Feb-2025 22:40:09 UTC] PHP Warning:  Trying to access array offset on value of type null in /home/user/chatbot-project/views/auth/login.php on line 9
[24-Feb-2025 22:40:09 UTC] PHP Warning:  Undefined variable $data in /home/user/chatbot-project/views/auth/login.php on line 16
[24-Feb-2025 22:40:09 UTC] PHP Warning:  Trying to access array offset on value of type null in /home/user/chatbot-project/views/auth/login.php on line 16
[24-Feb-2025 22:50:47 UTC] PHP Warning:  Undefined variable $data in /home/user/chatbot-project/views/auth/login.php on line 9
[24-Feb-2025 22:50:47 UTC] PHP Warning:  Trying to access array offset on value of type null in /home/user/chatbot-project/views/auth/login.php on line 9
[24-Feb-2025 22:50:47 UTC] PHP Warning:  Undefined variable $data in /home/user/chatbot-project/views/auth/login.php on line 16
[24-Feb-2025 22:50:47 UTC] PHP Warning:  Trying to access array offset on value of type null in /home/user/chatbot-project/views/auth/login.php on line 16
[24-Feb-2025 22:50:57 UTC] PHP Warning:  Undefined variable $data in /home/user/chatbot-project/views/auth/login.php on line 9
[24-Feb-2025 22:50:57 UTC] PHP Warning:  Trying to access array offset on value of type null in /home/user/chatbot-project/views/auth/login.php on line 9
[24-Feb-2025 22:50:57 UTC] PHP Warning:  Undefined variable $data in /home/user/chatbot-project/views/auth/login.php on line 16
[24-Feb-2025 22:50:57 UTC] PHP Warning:  Trying to access array offset on value of type null in /home/user/chatbot-project/views/auth/login.php on line 16
[24-Feb-2025 22:50:58 UTC] ChatbotController::chatbot() 
[24-Feb-2025 22:58:02 UTC] ChatbotController::chatbot() 
[24-Feb-2025 23:00:39 UTC] ChatbotController::chatbot() 
[24-Feb-2025 23:04:08 UTC] ChatbotController::chatbot() 
[24-Feb-2025 23:07:56 UTC] ChatbotController::chatbot() 
[24-Feb-2025 23:09:15 UTC] ChatbotController::chatbot() 
[24-Feb-2025 23:10:03 UTC] ChatbotController::chatbot() 
[24-Feb-2025 23:10:13 UTC] PHP Warning:  Undefined property: Model\Document::$PDOException: SQLSTATE[42S22]: Column not found: 1054 Unknown column 't.name' in 'field list' in /home/user/chatbot-project/core/Model.php:47
Stack trace:
#0 /home/user/chatbot-project/core/Model.php(47): PDOStatement->execute()
#1 /home/user/chatbot-project/core/Model.php(60): Core\Model->execute()
#2 /home/user/chatbot-project/models/Document.php(57): Core\Model->single()
#3 /home/user/chatbot-project/controllers/DocumentController.php(145): Model\Document->getById()
#4 [internal function]: Controllers\DocumentController::download(Object(App\Router))
#5 /home/user/chatbot-project/Router.php(39): call_user_func(Array, Object(App\Router))
#6 /home/user/chatbot-project/public/index.php(51): App\Router->checkRoutes()
#7 {main} in /home/user/chatbot-project/models/Document.php on line 61
[24-Feb-2025 23:12:06 UTC] ChatbotController::chatbot() 
[24-Feb-2025 23:12:17 UTC] PHP Warning:  Undefined property: Model\Document::$PDOException: SQLSTATE[42S22]: Column not found: 1054 Unknown column 'd.response_id' in 'on clause' in /home/user/chatbot-project/core/Model.php:47
Stack trace:
#0 /home/user/chatbot-project/core/Model.php(47): PDOStatement->execute()
#1 /home/user/chatbot-project/core/Model.php(60): Core\Model->execute()
#2 /home/user/chatbot-project/models/Document.php(57): Core\Model->single()
#3 /home/user/chatbot-project/controllers/DocumentController.php(145): Model\Document->getById()
#4 [internal function]: Controllers\DocumentController::download(Object(App\Router))
#5 /home/user/chatbot-project/Router.php(39): call_user_func(Array, Object(App\Router))
#6 /home/user/chatbot-project/public/index.php(51): App\Router->checkRoutes()
#7 {main} in /home/user/chatbot-project/models/Document.php on line 61
[24-Feb-2025 23:13:02 UTC] ChatbotController::chatbot() 
[24-Feb-2025 23:13:13 UTC] PHP Warning:  Undefined property: stdClass::$relativePath in /home/user/chatbot-project/controllers/DocumentController.php on line 150
[24-Feb-2025 23:13:13 UTC] PHP Warning:  Undefined property: stdClass::$document_name in /home/user/chatbot-project/controllers/DocumentController.php on line 150
[24-Feb-2025 23:13:13 UTC] PHP Warning:  Undefined property: stdClass::$document_name in /home/user/chatbot-project/controllers/DocumentController.php on line 156
[24-Feb-2025 23:15:30 UTC] ChatbotController::chatbot() 
[24-Feb-2025 23:17:50 UTC] ChatbotController::chatbot() 
[24-Feb-2025 23:19:19 UTC] ChatbotController::chatbot() 
[24-Feb-2025 23:20:46 UTC] ChatbotController::chatbot() 
[24-Feb-2025 23:29:44 UTC] ChatbotController::chatbot() 
[24-Feb-2025 23:29:59 UTC] PHP Warning:  Undefined property: stdClass::$document_name in /home/user/chatbot-project/controllers/DocumentController.php on line 194
[24-Feb-2025 23:29:59 UTC] PHP Warning:  Undefined property: stdClass::$file_path in /home/user/chatbot-project/controllers/DocumentController.php on line 197
[24-Feb-2025 23:29:59 UTC] PHP Warning:  Undefined property: stdClass::$document_name in /home/user/chatbot-project/controllers/DocumentController.php on line 197
[24-Feb-2025 23:29:59 UTC] PHP Deprecated:  preg_match(): Passing null to parameter #2 ($subject) of type string is deprecated in /home/user/chatbot-project/vendor/phpmailer/phpmailer/src/PHPMailer.php on line 1875
[24-Feb-2025 23:29:59 UTC] PHP Deprecated:  is_file(): Passing null to parameter #1 ($filename) of type string is deprecated in /home/user/chatbot-project/vendor/phpmailer/phpmailer/src/PHPMailer.php on line 1890
[24-Feb-2025 23:29:59 UTC] PHP Deprecated:  strpos(): Passing null to parameter #1 ($haystack) of type string is deprecated in /home/user/chatbot-project/vendor/phpmailer/phpmailer/src/PHPMailer.php on line 1892
[24-Feb-2025 23:31:30 UTC] ChatbotController::chatbot() 
[24-Feb-2025 23:33:52 UTC] ChatbotController::chatbot() 
